Aurora-Mobile/build/app/intermediates/manifest_merge_blame_file/debug/manifest-merger-blame-debug-report.txt
1<?xml version="1.0" encoding="utf-8"?>
2<manifest xmlns:android="http://schemas.android.com/apk/res/android"
3    package="com.aurora.auroramobile"
4    android:versionCode="1"
5    android:versionName="1.0.0" >
6
7    <uses-sdk
8        android:minSdkVersion="19"
9        android:targetSdkVersion="30" />
10    <!--
11         Flutter needs it to communicate with the running application
12         to allow setting breakpoints, to provide hot reload, etc.
13    -->
14    <uses-permission android:name="android.permission.INTERNET" />
14-->src/debug/AndroidManifest.xml:6:5-66
14-->src/debug/AndroidManifest.xml:6:22-64
15    <uses-permission android:name="android.permission.WRITE_EXTERNAL_STORAGE" />
15-->src/main/AndroidManifest.xml:3:3-78
15-->src/main/AndroidManifest.xml:3:20-76
16    <uses-permission android:name="android.permission.READ_EXTERNAL_STORAGE" />
16-->src/main/AndroidManifest.xml:4:3-77
16-->src/main/AndroidManifest.xml:4:20-75
17    <uses-permission android:name="android.permission.MANAGE_EXTERNAL_STORAGE" />
17-->src/main/AndroidManifest.xml:5:3-79
17-->src/main/AndroidManifest.xml:5:20-77
18    <uses-permission android:name="android.permission.BLUETOOTH" />
18-->src/main/AndroidManifest.xml:6:5-68
18-->src/main/AndroidManifest.xml:6:22-65
19
20    <queries>
20-->src/main/AndroidManifest.xml:8:5-12:13
21        <intent>
21-->src/main/AndroidManifest.xml:9:9-11:18
22            <action android:name="android.media.action.IMAGE_CAPTURE" />
22-->src/main/AndroidManifest.xml:10:13-73
22-->src/main/AndroidManifest.xml:10:21-70
23        </intent>
24    </queries>
25
26    <uses-permission android:name="android.permission.ACCESS_COARSE_LOCATION" />
26-->[:location] AndroidManifest.xml:7:5-81
26-->[:location] AndroidManifest.xml:7:22-78
27    <uses-permission android:name="android.permission.ACCESS_FINE_LOCATION" />
27-->[:location] AndroidManifest.xml:8:5-79
27-->[:location] AndroidManifest.xml:8:22-76
28    <uses-permission android:name="android.permission.ACCESS_NETWORK_STATE" />
28-->[com.google.firebase:firebase-iid:21.1.0] AndroidManifest.xml:22:5-79
28-->[com.google.firebase:firebase-iid:21.1.0] AndroidManifest.xml:22:22-76
29    <uses-permission android:name="android.permission.WAKE_LOCK" /> <!-- Required by older versions of Google Play services to create IID tokens -->
29-->[com.google.firebase:firebase-iid:21.1.0] AndroidManifest.xml:24:5-68
29-->[com.google.firebase:firebase-iid:21.1.0] AndroidManifest.xml:24:22-65
30    <uses-permission android:name="com.google.android.c2dm.permission.RECEIVE" />
30-->[com.google.firebase:firebase-iid:21.1.0] AndroidManifest.xml:26:5-82
30-->[com.google.firebase:firebase-iid:21.1.0] AndroidManifest.xml:26:22-79
31    <uses-permission android:name="com.google.android.finsky.permission.BIND_GET_INSTALL_REFERRER_SERVICE" /> <!-- Include required permissions for Advertising Id -->
31-->[com.google.android.gms:play-services-measurement:20.0.2] AndroidManifest.xml:26:5-110
31-->[com.google.android.gms:play-services-measurement:20.0.2] AndroidManifest.xml:26:22-107
32    <uses-permission android:name="com.google.android.gms.permission.AD_ID" />
32-->[com.google.android.gms:play-services-ads-identifier:18.0.0] AndroidManifest.xml:23:5-79
32-->[com.google.android.gms:play-services-ads-identifier:18.0.0] AndroidManifest.xml:23:22-76
33
34    <application
34-->src/main/AndroidManifest.xml:13:3-53:19
35        android:name="androidx.multidex.MultiDexApplication"
36        android:appComponentFactory="androidx.core.app.CoreComponentFactory"
36-->[androidx.core:core:1.6.0] AndroidManifest.xml:24:18-86
37        android:debuggable="true"
38        android:icon="@mipmap/ic_launcher"
38-->src/main/AndroidManifest.xml:16:9-43
39        android:label="aurora_backup"
39-->src/main/AndroidManifest.xml:14:9-38
40        android:requestLegacyExternalStorage="true" >
40-->src/main/AndroidManifest.xml:15:9-52
41        android:name="androidx.multidex.MultiDexApplication" >
42        <activity
42-->src/main/AndroidManifest.xml:19:7-47:20
43            android:name="com.aurora.auroramobile.MainActivity"
43-->src/main/AndroidManifest.xml:20:13-41
44            android:configChanges="orientation|keyboardHidden|keyboard|screenSize|smallestScreenSize|locale|layoutDirection|fontScale|screenLayout|density|uiMode"
44-->src/main/AndroidManifest.xml:23:13-163
45            android:hardwareAccelerated="true"
45-->src/main/AndroidManifest.xml:24:13-47
46            android:launchMode="singleTop"
46-->src/main/AndroidManifest.xml:21:13-43
47            android:theme="@style/LaunchTheme"
47-->src/main/AndroidManifest.xml:22:13-47
48            android:windowSoftInputMode="adjustResize" >
48-->src/main/AndroidManifest.xml:25:13-55
49
50            <!--
51                 Specifies an Android theme to apply to this Activity as soon as
52                 the Android process has started. This theme is visible to the user
53                 while the Flutter UI initializes. After that, this theme continues
54                 to determine the Window background behind the Flutter UI.
55            -->
56            <meta-data
56-->src/main/AndroidManifest.xml:30:13-33:17
57                android:name="io.flutter.embedding.android.NormalTheme"
57-->src/main/AndroidManifest.xml:31:15-70
58                android:resource="@style/NormalTheme" />
58-->src/main/AndroidManifest.xml:32:15-52
59            <!--
60                 Displays an Android View that continues showing the launch screen
61                 Drawable until Flutter paints its first frame, then this splash
62                 screen fades out. A splash screen is useful to avoid any visual
63                 gap between the end of Android's launch screen and the painting of
64                 Flutter's first frame.
65            -->
66            <meta-data
66-->src/main/AndroidManifest.xml:39:13-42:17
67                android:name="io.flutter.embedding.android.SplashScreenDrawable"
67-->src/main/AndroidManifest.xml:40:15-79
68                android:resource="@drawable/launch_background" />
68-->src/main/AndroidManifest.xml:41:15-61
69
70            <intent-filter>
70-->src/main/AndroidManifest.xml:43:13-46:29
71                <action android:name="android.intent.action.MAIN" />
71-->src/main/AndroidManifest.xml:44:17-68
71-->src/main/AndroidManifest.xml:44:25-66
72
73                <category android:name="android.intent.category.LAUNCHER" />
73-->src/main/AndroidManifest.xml:45:17-76
73-->src/main/AndroidManifest.xml:45:27-74
74            </intent-filter>
75        </activity>
76        <!--
77             Don't delete the meta-data below.
78             This is used by the Flutter tool to generate GeneratedPluginRegistrant.java
79        -->
80        <meta-data
80-->src/main/AndroidManifest.xml:50:9-52:33
81            android:name="flutterEmbedding"
81-->src/main/AndroidManifest.xml:51:13-44
82            android:value="2" />
82-->src/main/AndroidManifest.xml:52:13-30
83
84        <service
84-->[:firebase_core] AndroidManifest.xml:8:9-12:19
85            android:name="com.google.firebase.components.ComponentDiscoveryService"
85-->[:firebase_core] AndroidManifest.xml:8:18-89
86            android:directBootAware="true"
86-->[com.google.firebase:firebase-common:20.0.0] AndroidManifest.xml:35:13-43
87            android:exported="false" >
87-->[com.google.firebase:firebase-iid:21.1.0] AndroidManifest.xml:31:13-37
88            <meta-data
88-->[:firebase_core] AndroidManifest.xml:9:13-11:85
89                android:name="com.google.firebase.components:io.flutter.plugins.firebase.core.FlutterFirebaseCoreRegistrar"
89-->[:firebase_core] AndroidManifest.xml:10:17-124
90                android:value="com.google.firebase.components.ComponentRegistrar" />
90-->[:firebase_core] AndroidManifest.xml:11:17-82
91            <meta-data
91-->[:firebase_ml_vision] AndroidManifest.xml:9:13-11:85
92                android:name="com.google.firebase.components:io.flutter.plugins.firebasemlvision.FlutterFirebaseAppRegistrar"
92-->[:firebase_ml_vision] AndroidManifest.xml:10:17-126
93                android:value="com.google.firebase.components.ComponentRegistrar" />
93-->[:firebase_ml_vision] AndroidManifest.xml:11:17-82
94            <meta-data
94-->[com.google.firebase:firebase-iid:21.1.0] AndroidManifest.xml:32:13-34:85
95                android:name="com.google.firebase.components:com.google.firebase.iid.Registrar"
95-->[com.google.firebase:firebase-iid:21.1.0] AndroidManifest.xml:33:17-96
96                android:value="com.google.firebase.components.ComponentRegistrar" />
96-->[com.google.firebase:firebase-iid:21.1.0] AndroidManifest.xml:34:17-82
97            <meta-data
97-->[com.google.android.gms:play-services-measurement-api:20.0.2] AndroidManifest.xml:30:13-32:85
98                android:name="com.google.firebase.components:com.google.firebase.analytics.connector.internal.AnalyticsConnectorRegistrar"
98-->[com.google.android.gms:play-services-measurement-api:20.0.2] AndroidManifest.xml:31:17-139
99                android:value="com.google.firebase.components.ComponentRegistrar" />
99-->[com.google.android.gms:play-services-measurement-api:20.0.2] AndroidManifest.xml:32:17-82
100            <meta-data
100-->[com.google.firebase:firebase-installations:17.0.0] AndroidManifest.xml:18:13-20:85
101                android:name="com.google.firebase.components:com.google.firebase.installations.FirebaseInstallationsRegistrar"
101-->[com.google.firebase:firebase-installations:17.0.0] AndroidManifest.xml:19:17-127
102                android:value="com.google.firebase.components.ComponentRegistrar" />
102-->[com.google.firebase:firebase-installations:17.0.0] AndroidManifest.xml:20:17-82
103        </service>
104
105        <provider
105-->[:image_picker] AndroidManifest.xml:11:9-19:20
106            android:name="io.flutter.plugins.imagepicker.ImagePickerFileProvider"
106-->[:image_picker] AndroidManifest.xml:12:13-82
107            android:authorities="com.aurora.auroramobile.flutter.image_provider"
107-->[:image_picker] AndroidManifest.xml:13:13-74
108            android:exported="false"
108-->[:image_picker] AndroidManifest.xml:14:13-37
109            android:grantUriPermissions="true" >
109-->[:image_picker] AndroidManifest.xml:15:13-47
110            <meta-data
110-->[:image_picker] AndroidManifest.xml:16:13-18:75
111                android:name="android.support.FILE_PROVIDER_PATHS"
111-->[:image_picker] AndroidManifest.xml:17:17-67
112                android:resource="@xml/flutter_image_picker_file_paths" />
112-->[:image_picker] AndroidManifest.xml:18:17-72
113        </provider>
114
115        <service
115-->[:location] AndroidManifest.xml:11:9-15:56
116            android:name="com.lyokone.location.FlutterLocationService"
116-->[:location] AndroidManifest.xml:12:13-71
117            android:enabled="true"
117-->[:location] AndroidManifest.xml:13:13-35
118            android:exported="false"
118-->[:location] AndroidManifest.xml:14:13-37
119            android:foregroundServiceType="location" />
119-->[:location] AndroidManifest.xml:15:13-53
120
121        <uses-library
121-->[androidx.window:window:1.0.0-beta04] AndroidManifest.xml:25:9-27:40
122            android:name="androidx.window.extensions"
122-->[androidx.window:window:1.0.0-beta04] AndroidManifest.xml:26:13-54
123            android:required="false" />
123-->[androidx.window:window:1.0.0-beta04] AndroidManifest.xml:27:13-37
124        <uses-library
124-->[androidx.window:window:1.0.0-beta04] AndroidManifest.xml:28:9-30:40
125            android:name="androidx.window.sidecar"
125-->[androidx.window:window:1.0.0-beta04] AndroidManifest.xml:29:13-51
126            android:required="false" />
126-->[androidx.window:window:1.0.0-beta04] AndroidManifest.xml:30:13-37
127
128        <provider
128-->[com.google.firebase:firebase-common:20.0.0] AndroidManifest.xml:26:9-31:39
129            android:name="com.google.firebase.provider.FirebaseInitProvider"
129-->[com.google.firebase:firebase-common:20.0.0] AndroidManifest.xml:27:13-77
130            android:authorities="com.aurora.auroramobile.firebaseinitprovider"
130-->[com.google.firebase:firebase-common:20.0.0] AndroidManifest.xml:28:13-72
131            android:directBootAware="true"
131-->[com.google.firebase:firebase-common:20.0.0] AndroidManifest.xml:29:13-43
132            android:exported="false"
132-->[com.google.firebase:firebase-common:20.0.0] AndroidManifest.xml:30:13-37
133            android:initOrder="100" />
133-->[com.google.firebase:firebase-common:20.0.0] AndroidManifest.xml:31:13-36
134
135        <receiver
135-->[com.google.android.gms:play-services-measurement:20.0.2] AndroidManifest.xml:29:9-33:20
136            android:name="com.google.android.gms.measurement.AppMeasurementReceiver"
136-->[com.google.android.gms:play-services-measurement:20.0.2] AndroidManifest.xml:30:13-85
137            android:enabled="true"
137-->[com.google.android.gms:play-services-measurement:20.0.2] AndroidManifest.xml:31:13-35
138            android:exported="false" >
138-->[com.google.android.gms:play-services-measurement:20.0.2] AndroidManifest.xml:32:13-37
139        </receiver>
140
141        <service
141-->[com.google.android.gms:play-services-measurement:20.0.2] AndroidManifest.xml:35:9-38:40
142            android:name="com.google.android.gms.measurement.AppMeasurementService"
142-->[com.google.android.gms:play-services-measurement:20.0.2] AndroidManifest.xml:36:13-84
143            android:enabled="true"
143-->[com.google.android.gms:play-services-measurement:20.0.2] AndroidManifest.xml:37:13-35
144            android:exported="false" />
144-->[com.google.android.gms:play-services-measurement:20.0.2] AndroidManifest.xml:38:13-37
145        <service
145-->[com.google.android.gms:play-services-measurement:20.0.2] AndroidManifest.xml:39:9-43:72
146            android:name="com.google.android.gms.measurement.AppMeasurementJobService"
146-->[com.google.android.gms:play-services-measurement:20.0.2] AndroidManifest.xml:40:13-87
147            android:enabled="true"
147-->[com.google.android.gms:play-services-measurement:20.0.2] AndroidManifest.xml:41:13-35
148            android:exported="false"
148-->[com.google.android.gms:play-services-measurement:20.0.2] AndroidManifest.xml:42:13-37
149            android:permission="android.permission.BIND_JOB_SERVICE" />
149-->[com.google.android.gms:play-services-measurement:20.0.2] AndroidManifest.xml:43:13-69
150
151        <activity
151-->[com.google.android.gms:play-services-base:16.0.1] AndroidManifest.xml:23:9-26:75
152            android:name="com.google.android.gms.common.api.GoogleApiActivity"
152-->[com.google.android.gms:play-services-base:16.0.1] AndroidManifest.xml:24:13-79
153            android:exported="false"
153-->[com.google.android.gms:play-services-base:16.0.1] AndroidManifest.xml:25:13-37
154            android:theme="@android:style/Theme.Translucent.NoTitleBar" />
154-->[com.google.android.gms:play-services-base:16.0.1] AndroidManifest.xml:26:13-72
155
156        <meta-data
156-->[com.google.android.gms:play-services-basement:18.0.0] AndroidManifest.xml:21:9-23:69
157            android:name="com.google.android.gms.version"
157-->[com.google.android.gms:play-services-basement:18.0.0] AndroidManifest.xml:22:13-58
158            android:value="@integer/google_play_services_version" />
158-->[com.google.android.gms:play-services-basement:18.0.0] AndroidManifest.xml:23:13-66
159    </application>
160
161</manifest>